Command line:
   FATB_isim_beh.exe
     -simmode  gui
     -simrunnum  0
     -socket  1731

Thu Mar 26 14:10:53 2020


 Elaboration Time: 1.76563 sec

 Current Memory Usage: 5814.75 Meg

 Total Signals          : 21
 Total Nets             : 21
 Total Signal Drivers   : 13
 Total Blocks           : 3
 Total Primitive Blocks : 2
 Total Processes        : 15
 Total Traceable Variables  : 21
 Total Scalar Nets and Variables : 104
Total Line Count : 22

 Total Simulation Time: 1.76563 sec

 Current Memory Usage: 5814.72 Meg

Thu Mar 26 14:11:35 2020

